unifiedAssistantLoop: about to show unified chat, history_len=0
unifiedAssistantLoop: chat returned, action=1
app_assistant: about to execute snippet
app_assistant: snippet execution completed, executed=true
unifiedAssistantLoop: about to show unified chat, history_len=0
unifiedAssistantLoop: chat returned, action=0
unifiedAssistantLoop: about to show unified chat, history_len=0
unifiedAssistantLoop: chat returned, action=1
app_assistant: about to execute snippet
app_assistant: snippet execution completed, executed=true
unifiedAssistantLoop: about to show unified chat, history_len=0
unifiedAssistantLoop: chat returned, action=3
unifiedAssistantLoop: about to show unified chat, history_len=1
unifiedAssistantLoop: chat returned, action=1
app_assistant: about to execute snippet
app_assistant: snippet execution completed, executed=true
unifiedAssistantLoop: about to show unified chat, history_len=1
unifiedAssistantLoop: chat returned, action=4
wrote 7 bytes to outputBuf, total now 7
command finished, exitCode=0, duration=7.469875ms
PTY closed
waiting for Enter
Enter received
terminal restored from raw mode
terminal settled
rawOutput len=7, cleanedOutput len=5
rawOutput: "hello\r\n"
cleanedOutput: "hello"
RunWithViewer: about to return
app_exec: RunWithViewer returned, exitCode=0
wrote 13 bytes to outputBuf, total now 13
command finished, exitCode=0, duration=7.876125ms
PTY closed
waiting for Enter
Enter received
terminal restored from raw mode
terminal settled
rawOutput len=13, cleanedOutput len=11
rawOutput: "test output\r\n"
cleanedOutput: "test output"
RunWithViewer: about to return
app_exec: RunWithViewer returned, exitCode=0
